<?xml version="1.0" encoding="UTF-8"?>
<!-- Generated by org.testng.reporters.JUnitReportReporter -->
<testsuite skipped="0" hostname="LAPTOP-PVMPS0OQ" name="com.inetBankingV1.testCases.TC_LoginTest_001" tests="1" failures="0" timestamp="20 Jul 2019 09:27:24 GMT" time="17.563" errors="0">
  <testcase name="loginTest" time="17.563" classname="com.inetBankingV1.testCases.TC_LoginTest_001"/>
</testsuite> <!-- com.inetBankingV1.testCases.TC_LoginTest_001 -->
